ERROR - 2022-11-09 21:51:09 --> Error connecting to the database: ErrorException: mysqli::real_connect(): The server requested authentication method unknown to the client [auth_gssapi_client] in C:\xampp\htdocs\SIGudang_Obat-main\vendor\codeigniter4\framework\system\Database\MySQLi\Connection.php:171
Stack trace:
#0 [internal function]: CodeIgniter\Debug\Exceptions->errorHandler(2, 'mysqli::real_co...', 'C:\\xampp\\htdocs...', 171, Array)
#1 C:\xampp\htdocs\SIGudang_Obat-main\vendor\codeigniter4\framework\system\Database\MySQLi\Connection.php(171): mysqli->real_connect('127.0.0.1', 'root', '', 'SIGudangObat', 3306, '', 0)
#2 C:\xampp\htdocs\SIGudang_Obat-main\vendor\codeigniter4\framework\system\Database\BaseConnection.php(382): CodeIgniter\Database\MySQLi\Connection->connect(false)
#3 C:\xampp\htdocs\SIGudang_Obat-main\vendor\codeigniter4\framework\system\Database\BaseConnection.php(561): CodeIgniter\Database\BaseConnection->initialize()
#4 C:\xampp\htdocs\SIGudang_Obat-main\vendor\codeigniter4\framework\system\Database\BaseBuilder.php(1585): CodeIgniter\Database\BaseConnection->query('SELECT *\nFROM `...', Array, false)
#5 C:\xampp\htdocs\SIGudang_Obat-main\vendor\codeigniter4\framework\system\Model.php(223): CodeIgniter\Database\BaseBuilder->get()
#6 C:\xampp\htdocs\SIGudang_Obat-main\vendor\codeigniter4\framework\system\BaseModel.php(585): CodeIgniter\Model->doFindAll(0, 0)
#7 C:\xampp\htdocs\SIGudang_Obat-main\app\Controllers\Obat.php(16): CodeIgniter\BaseModel->findAll()
#8 C:\xampp\htdocs\SIGudang_Obat-main\vendor\codeigniter4\framework\system\CodeIgniter.php(927): App\Controllers\Obat->index()
#9 C:\xampp\htdocs\SIGudang_Obat-main\vendor\codeigniter4\framework\system\CodeIgniter.php(482): CodeIgniter\CodeIgniter->runController(Object(App\Controllers\Obat))
#10 C:\xampp\htdocs\SIGudang_Obat-main\vendor\codeigniter4\framework\system\CodeIgniter.php(351): CodeIgniter\CodeIgniter->handleRequest(NULL, Object(Config\Cache), false)
#11 C:\xampp\htdocs\SIGudang_Obat-main\public\index.php(67): CodeIgniter\CodeIgniter->run()
#12 C:\xampp\htdocs\SIGudang_Obat-main\vendor\codeigniter4\framework\system\Commands\Server\rewrite.php(46): require_once('C:\\xampp\\htdocs...')
#13 {main}

Next mysqli_sql_exception: The server requested authentication method unknown to the client in C:\xampp\htdocs\SIGudang_Obat-main\vendor\codeigniter4\framework\system\Database\MySQLi\Connection.php:171
Stack trace:
#0 C:\xampp\htdocs\SIGudang_Obat-main\vendor\codeigniter4\framework\system\Database\MySQLi\Connection.php(171): mysqli->real_connect('127.0.0.1', 'root', '', 'SIGudangObat', 3306, '', 0)
#1 C:\xampp\htdocs\SIGudang_Obat-main\vendor\codeigniter4\framework\system\Database\BaseConnection.php(382): CodeIgniter\Database\MySQLi\Connection->connect(false)
#2 C:\xampp\htdocs\SIGudang_Obat-main\vendor\codeigniter4\framework\system\Database\BaseConnection.php(561): CodeIgniter\Database\BaseConnection->initialize()
#3 C:\xampp\htdocs\SIGudang_Obat-main\vendor\codeigniter4\framework\system\Database\BaseBuilder.php(1585): CodeIgniter\Database\BaseConnection->query('SELECT *\nFROM `...', Array, false)
#4 C:\xampp\htdocs\SIGudang_Obat-main\vendor\codeigniter4\framework\system\Model.php(223): CodeIgniter\Database\BaseBuilder->get()
#5 C:\xampp\htdocs\SIGudang_Obat-main\vendor\codeigniter4\framework\system\BaseModel.php(585): CodeIgniter\Model->doFindAll(0, 0)
#6 C:\xampp\htdocs\SIGudang_Obat-main\app\Controllers\Obat.php(16): CodeIgniter\BaseModel->findAll()
#7 C:\xampp\htdocs\SIGudang_Obat-main\vendor\codeigniter4\framework\system\CodeIgniter.php(927): App\Controllers\Obat->index()
#8 C:\xampp\htdocs\SIGudang_Obat-main\vendor\codeigniter4\framework\system\CodeIgniter.php(482): CodeIgniter\CodeIgniter->runController(Object(App\Controllers\Obat))
#9 C:\xampp\htdocs\SIGudang_Obat-main\vendor\codeigniter4\framework\system\CodeIgniter.php(351): CodeIgniter\CodeIgniter->handleRequest(NULL, Object(Config\Cache), false)
#10 C:\xampp\htdocs\SIGudang_Obat-main\public\index.php(67): CodeIgniter\CodeIgniter->run()
#11 C:\xampp\htdocs\SIGudang_Obat-main\vendor\codeigniter4\framework\system\Commands\Server\rewrite.php(46): require_once('C:\\xampp\\htdocs...')
#12 {main}

Next CodeIgniter\Database\Exceptions\DatabaseException: The server requested authentication method unknown to the client in C:\xampp\htdocs\SIGudang_Obat-main\vendor\codeigniter4\framework\system\Database\MySQLi\Connection.php:215
Stack trace:
#0 C:\xampp\htdocs\SIGudang_Obat-main\vendor\codeigniter4\framework\system\Database\BaseConnection.php(382): CodeIgniter\Database\MySQLi\Connection->connect(false)
#1 C:\xampp\htdocs\SIGudang_Obat-main\vendor\codeigniter4\framework\system\Database\BaseConnection.php(561): CodeIgniter\Database\BaseConnection->initialize()
#2 C:\xampp\htdocs\SIGudang_Obat-main\vendor\codeigniter4\framework\system\Database\BaseBuilder.php(1585): CodeIgniter\Database\BaseConnection->query('SELECT *\nFROM `...', Array, false)
#3 C:\xampp\htdocs\SIGudang_Obat-main\vendor\codeigniter4\framework\system\Model.php(223): CodeIgniter\Database\BaseBuilder->get()
#4 C:\xampp\htdocs\SIGudang_Obat-main\vendor\codeigniter4\framework\system\BaseModel.php(585): CodeIgniter\Model->doFindAll(0, 0)
#5 C:\xampp\htdocs\SIGudang_Obat-main\app\Controllers\Obat.php(16): CodeIgniter\BaseModel->findAll()
#6 C:\xampp\htdocs\SIGudang_Obat-main\vendor\codeigniter4\framework\system\CodeIgniter.php(927): App\Controllers\Obat->index()
#7 C:\xampp\htdocs\SIGudang_Obat-main\vendor\codeigniter4\framework\system\CodeIgniter.php(482): CodeIgniter\CodeIgniter->runController(Object(App\Controllers\Obat))
#8 C:\xampp\htdocs\SIGudang_Obat-main\vendor\codeigniter4\framework\system\CodeIgniter.php(351): CodeIgniter\CodeIgniter->handleRequest(NULL, Object(Config\Cache), false)
#9 C:\xampp\htdocs\SIGudang_Obat-main\public\index.php(67): CodeIgniter\CodeIgniter->run()
#10 C:\xampp\htdocs\SIGudang_Obat-main\vendor\codeigniter4\framework\system\Commands\Server\rewrite.php(46): require_once('C:\\xampp\\htdocs...')
#11 {main}
CRITICAL - 2022-11-09 21:51:09 --> Unable to connect to the database.
Main connection [MySQLi]: The server requested authentication method unknown to the client
in SYSTEMPATH\Database\BaseConnection.php on line 418.
 1 SYSTEMPATH\Database\BaseConnection.php(561): CodeIgniter\Database\BaseConnection->initialize()
 2 SYSTEMPATH\Database\BaseBuilder.php(1585): CodeIgniter\Database\BaseConnection->query('SELECT *
FROM `obat`', [], false)
 3 SYSTEMPATH\Model.php(223): CodeIgniter\Database\BaseBuilder->get()
 4 SYSTEMPATH\BaseModel.php(585): CodeIgniter\Model->doFindAll(0, 0)
 5 APPPATH\Controllers\Obat.php(16): CodeIgniter\BaseModel->findAll()
 6 SYSTEMPATH\CodeIgniter.php(927): App\Controllers\Obat->index()
 7 SYSTEMPATH\CodeIgniter.php(482): CodeIgniter\CodeIgniter->runController(Object(App\Controllers\Obat))
 8 SYSTEMPATH\CodeIgniter.php(351): CodeIgniter\CodeIgniter->handleRequest(null, Object(Config\Cache), false)
 9 FCPATH\index.php(67): CodeIgniter\CodeIgniter->run()
10 SYSTEMPATH\Commands\Server\rewrite.php(46): require_once('FCPATH\\index.php')
ERROR - 2022-11-09 21:52:07 --> Error connecting to the database: ErrorException: mysqli::real_connect(): The server requested authentication method unknown to the client [auth_gssapi_client] in C:\xampp\htdocs\SIGudang_Obat-main\vendor\codeigniter4\framework\system\Database\MySQLi\Connection.php:171
Stack trace:
#0 [internal function]: CodeIgniter\Debug\Exceptions->errorHandler(2, 'mysqli::real_co...', 'C:\\xampp\\htdocs...', 171, Array)
#1 C:\xampp\htdocs\SIGudang_Obat-main\vendor\codeigniter4\framework\system\Database\MySQLi\Connection.php(171): mysqli->real_connect('127.0.0.1', 'root', '', 'SIGudangObat', 3306, '', 0)
#2 C:\xampp\htdocs\SIGudang_Obat-main\vendor\codeigniter4\framework\system\Database\BaseConnection.php(382): CodeIgniter\Database\MySQLi\Connection->connect(false)
#3 C:\xampp\htdocs\SIGudang_Obat-main\vendor\codeigniter4\framework\system\Database\BaseConnection.php(561): CodeIgniter\Database\BaseConnection->initialize()
#4 C:\xampp\htdocs\SIGudang_Obat-main\vendor\codeigniter4\framework\system\Database\BaseBuilder.php(1585): CodeIgniter\Database\BaseConnection->query('SELECT *\nFROM `...', Array, false)
#5 C:\xampp\htdocs\SIGudang_Obat-main\vendor\codeigniter4\framework\system\Model.php(223): CodeIgniter\Database\BaseBuilder->get()
#6 C:\xampp\htdocs\SIGudang_Obat-main\vendor\codeigniter4\framework\system\BaseModel.php(585): CodeIgniter\Model->doFindAll(0, 0)
#7 C:\xampp\htdocs\SIGudang_Obat-main\app\Controllers\Obat.php(16): CodeIgniter\BaseModel->findAll()
#8 C:\xampp\htdocs\SIGudang_Obat-main\vendor\codeigniter4\framework\system\CodeIgniter.php(927): App\Controllers\Obat->index()
#9 C:\xampp\htdocs\SIGudang_Obat-main\vendor\codeigniter4\framework\system\CodeIgniter.php(482): CodeIgniter\CodeIgniter->runController(Object(App\Controllers\Obat))
#10 C:\xampp\htdocs\SIGudang_Obat-main\vendor\codeigniter4\framework\system\CodeIgniter.php(351): CodeIgniter\CodeIgniter->handleRequest(NULL, Object(Config\Cache), false)
#11 C:\xampp\htdocs\SIGudang_Obat-main\public\index.php(67): CodeIgniter\CodeIgniter->run()
#12 C:\xampp\htdocs\SIGudang_Obat-main\vendor\codeigniter4\framework\system\Commands\Server\rewrite.php(46): require_once('C:\\xampp\\htdocs...')
#13 {main}

Next mysqli_sql_exception: The server requested authentication method unknown to the client in C:\xampp\htdocs\SIGudang_Obat-main\vendor\codeigniter4\framework\system\Database\MySQLi\Connection.php:171
Stack trace:
#0 C:\xampp\htdocs\SIGudang_Obat-main\vendor\codeigniter4\framework\system\Database\MySQLi\Connection.php(171): mysqli->real_connect('127.0.0.1', 'root', '', 'SIGudangObat', 3306, '', 0)
#1 C:\xampp\htdocs\SIGudang_Obat-main\vendor\codeigniter4\framework\system\Database\BaseConnection.php(382): CodeIgniter\Database\MySQLi\Connection->connect(false)
#2 C:\xampp\htdocs\SIGudang_Obat-main\vendor\codeigniter4\framework\system\Database\BaseConnection.php(561): CodeIgniter\Database\BaseConnection->initialize()
#3 C:\xampp\htdocs\SIGudang_Obat-main\vendor\codeigniter4\framework\system\Database\BaseBuilder.php(1585): CodeIgniter\Database\BaseConnection->query('SELECT *\nFROM `...', Array, false)
#4 C:\xampp\htdocs\SIGudang_Obat-main\vendor\codeigniter4\framework\system\Model.php(223): CodeIgniter\Database\BaseBuilder->get()
#5 C:\xampp\htdocs\SIGudang_Obat-main\vendor\codeigniter4\framework\system\BaseModel.php(585): CodeIgniter\Model->doFindAll(0, 0)
#6 C:\xampp\htdocs\SIGudang_Obat-main\app\Controllers\Obat.php(16): CodeIgniter\BaseModel->findAll()
#7 C:\xampp\htdocs\SIGudang_Obat-main\vendor\codeigniter4\framework\system\CodeIgniter.php(927): App\Controllers\Obat->index()
#8 C:\xampp\htdocs\SIGudang_Obat-main\vendor\codeigniter4\framework\system\CodeIgniter.php(482): CodeIgniter\CodeIgniter->runController(Object(App\Controllers\Obat))
#9 C:\xampp\htdocs\SIGudang_Obat-main\vendor\codeigniter4\framework\system\CodeIgniter.php(351): CodeIgniter\CodeIgniter->handleRequest(NULL, Object(Config\Cache), false)
#10 C:\xampp\htdocs\SIGudang_Obat-main\public\index.php(67): CodeIgniter\CodeIgniter->run()
#11 C:\xampp\htdocs\SIGudang_Obat-main\vendor\codeigniter4\framework\system\Commands\Server\rewrite.php(46): require_once('C:\\xampp\\htdocs...')
#12 {main}

Next CodeIgniter\Database\Exceptions\DatabaseException: The server requested authentication method unknown to the client in C:\xampp\htdocs\SIGudang_Obat-main\vendor\codeigniter4\framework\system\Database\MySQLi\Connection.php:215
Stack trace:
#0 C:\xampp\htdocs\SIGudang_Obat-main\vendor\codeigniter4\framework\system\Database\BaseConnection.php(382): CodeIgniter\Database\MySQLi\Connection->connect(false)
#1 C:\xampp\htdocs\SIGudang_Obat-main\vendor\codeigniter4\framework\system\Database\BaseConnection.php(561): CodeIgniter\Database\BaseConnection->initialize()
#2 C:\xampp\htdocs\SIGudang_Obat-main\vendor\codeigniter4\framework\system\Database\BaseBuilder.php(1585): CodeIgniter\Database\BaseConnection->query('SELECT *\nFROM `...', Array, false)
#3 C:\xampp\htdocs\SIGudang_Obat-main\vendor\codeigniter4\framework\system\Model.php(223): CodeIgniter\Database\BaseBuilder->get()
#4 C:\xampp\htdocs\SIGudang_Obat-main\vendor\codeigniter4\framework\system\BaseModel.php(585): CodeIgniter\Model->doFindAll(0, 0)
#5 C:\xampp\htdocs\SIGudang_Obat-main\app\Controllers\Obat.php(16): CodeIgniter\BaseModel->findAll()
#6 C:\xampp\htdocs\SIGudang_Obat-main\vendor\codeigniter4\framework\system\CodeIgniter.php(927): App\Controllers\Obat->index()
#7 C:\xampp\htdocs\SIGudang_Obat-main\vendor\codeigniter4\framework\system\CodeIgniter.php(482): CodeIgniter\CodeIgniter->runController(Object(App\Controllers\Obat))
#8 C:\xampp\htdocs\SIGudang_Obat-main\vendor\codeigniter4\framework\system\CodeIgniter.php(351): CodeIgniter\CodeIgniter->handleRequest(NULL, Object(Config\Cache), false)
#9 C:\xampp\htdocs\SIGudang_Obat-main\public\index.php(67): CodeIgniter\CodeIgniter->run()
#10 C:\xampp\htdocs\SIGudang_Obat-main\vendor\codeigniter4\framework\system\Commands\Server\rewrite.php(46): require_once('C:\\xampp\\htdocs...')
#11 {main}
CRITICAL - 2022-11-09 21:52:07 --> Unable to connect to the database.
Main connection [MySQLi]: The server requested authentication method unknown to the client
in SYSTEMPATH\Database\BaseConnection.php on line 418.
 1 SYSTEMPATH\Database\BaseConnection.php(561): CodeIgniter\Database\BaseConnection->initialize()
 2 SYSTEMPATH\Database\BaseBuilder.php(1585): CodeIgniter\Database\BaseConnection->query('SELECT *
FROM `obat`', [], false)
 3 SYSTEMPATH\Model.php(223): CodeIgniter\Database\BaseBuilder->get()
 4 SYSTEMPATH\BaseModel.php(585): CodeIgniter\Model->doFindAll(0, 0)
 5 APPPATH\Controllers\Obat.php(16): CodeIgniter\BaseModel->findAll()
 6 SYSTEMPATH\CodeIgniter.php(927): App\Controllers\Obat->index()
 7 SYSTEMPATH\CodeIgniter.php(482): CodeIgniter\CodeIgniter->runController(Object(App\Controllers\Obat))
 8 SYSTEMPATH\CodeIgniter.php(351): CodeIgniter\CodeIgniter->handleRequest(null, Object(Config\Cache), false)
 9 FCPATH\index.php(67): CodeIgniter\CodeIgniter->run()
10 SYSTEMPATH\Commands\Server\rewrite.php(46): require_once('FCPATH\\index.php')
ERROR - 2022-11-09 21:58:24 --> Error connecting to the database: ErrorException: mysqli::real_connect(): The server requested authentication method unknown to the client [auth_gssapi_client] in C:\xampp\htdocs\SIGudang_Obat-main\vendor\codeigniter4\framework\system\Database\MySQLi\Connection.php:171
Stack trace:
#0 [internal function]: CodeIgniter\Debug\Exceptions->errorHandler(2, 'mysqli::real_co...', 'C:\\xampp\\htdocs...', 171, Array)
#1 C:\xampp\htdocs\SIGudang_Obat-main\vendor\codeigniter4\framework\system\Database\MySQLi\Connection.php(171): mysqli->real_connect('127.0.0.1', 'root', '', 'SIGudangObat', 3306, '', 0)
#2 C:\xampp\htdocs\SIGudang_Obat-main\vendor\codeigniter4\framework\system\Database\BaseConnection.php(382): CodeIgniter\Database\MySQLi\Connection->connect(false)
#3 C:\xampp\htdocs\SIGudang_Obat-main\vendor\codeigniter4\framework\system\Database\BaseConnection.php(561): CodeIgniter\Database\BaseConnection->initialize()
#4 C:\xampp\htdocs\SIGudang_Obat-main\vendor\codeigniter4\framework\system\Database\BaseBuilder.php(1585): CodeIgniter\Database\BaseConnection->query('SELECT *\nFROM `...', Array, false)
#5 C:\xampp\htdocs\SIGudang_Obat-main\vendor\codeigniter4\framework\system\Model.php(223): CodeIgniter\Database\BaseBuilder->get()
#6 C:\xampp\htdocs\SIGudang_Obat-main\vendor\codeigniter4\framework\system\BaseModel.php(585): CodeIgniter\Model->doFindAll(0, 0)
#7 C:\xampp\htdocs\SIGudang_Obat-main\app\Controllers\Obat.php(16): CodeIgniter\BaseModel->findAll()
#8 C:\xampp\htdocs\SIGudang_Obat-main\vendor\codeigniter4\framework\system\CodeIgniter.php(927): App\Controllers\Obat->index()
#9 C:\xampp\htdocs\SIGudang_Obat-main\vendor\codeigniter4\framework\system\CodeIgniter.php(482): CodeIgniter\CodeIgniter->runController(Object(App\Controllers\Obat))
#10 C:\xampp\htdocs\SIGudang_Obat-main\vendor\codeigniter4\framework\system\CodeIgniter.php(351): CodeIgniter\CodeIgniter->handleRequest(NULL, Object(Config\Cache), false)
#11 C:\xampp\htdocs\SIGudang_Obat-main\public\index.php(67): CodeIgniter\CodeIgniter->run()
#12 C:\xampp\htdocs\SIGudang_Obat-main\vendor\codeigniter4\framework\system\Commands\Server\rewrite.php(46): require_once('C:\\xampp\\htdocs...')
#13 {main}

Next mysqli_sql_exception: The server requested authentication method unknown to the client in C:\xampp\htdocs\SIGudang_Obat-main\vendor\codeigniter4\framework\system\Database\MySQLi\Connection.php:171
Stack trace:
#0 C:\xampp\htdocs\SIGudang_Obat-main\vendor\codeigniter4\framework\system\Database\MySQLi\Connection.php(171): mysqli->real_connect('127.0.0.1', 'root', '', 'SIGudangObat', 3306, '', 0)
#1 C:\xampp\htdocs\SIGudang_Obat-main\vendor\codeigniter4\framework\system\Database\BaseConnection.php(382): CodeIgniter\Database\MySQLi\Connection->connect(false)
#2 C:\xampp\htdocs\SIGudang_Obat-main\vendor\codeigniter4\framework\system\Database\BaseConnection.php(561): CodeIgniter\Database\BaseConnection->initialize()
#3 C:\xampp\htdocs\SIGudang_Obat-main\vendor\codeigniter4\framework\system\Database\BaseBuilder.php(1585): CodeIgniter\Database\BaseConnection->query('SELECT *\nFROM `...', Array, false)
#4 C:\xampp\htdocs\SIGudang_Obat-main\vendor\codeigniter4\framework\system\Model.php(223): CodeIgniter\Database\BaseBuilder->get()
#5 C:\xampp\htdocs\SIGudang_Obat-main\vendor\codeigniter4\framework\system\BaseModel.php(585): CodeIgniter\Model->doFindAll(0, 0)
#6 C:\xampp\htdocs\SIGudang_Obat-main\app\Controllers\Obat.php(16): CodeIgniter\BaseModel->findAll()
#7 C:\xampp\htdocs\SIGudang_Obat-main\vendor\codeigniter4\framework\system\CodeIgniter.php(927): App\Controllers\Obat->index()
#8 C:\xampp\htdocs\SIGudang_Obat-main\vendor\codeigniter4\framework\system\CodeIgniter.php(482): CodeIgniter\CodeIgniter->runController(Object(App\Controllers\Obat))
#9 C:\xampp\htdocs\SIGudang_Obat-main\vendor\codeigniter4\framework\system\CodeIgniter.php(351): CodeIgniter\CodeIgniter->handleRequest(NULL, Object(Config\Cache), false)
#10 C:\xampp\htdocs\SIGudang_Obat-main\public\index.php(67): CodeIgniter\CodeIgniter->run()
#11 C:\xampp\htdocs\SIGudang_Obat-main\vendor\codeigniter4\framework\system\Commands\Server\rewrite.php(46): require_once('C:\\xampp\\htdocs...')
#12 {main}

Next CodeIgniter\Database\Exceptions\DatabaseException: The server requested authentication method unknown to the client in C:\xampp\htdocs\SIGudang_Obat-main\vendor\codeigniter4\framework\system\Database\MySQLi\Connection.php:215
Stack trace:
#0 C:\xampp\htdocs\SIGudang_Obat-main\vendor\codeigniter4\framework\system\Database\BaseConnection.php(382): CodeIgniter\Database\MySQLi\Connection->connect(false)
#1 C:\xampp\htdocs\SIGudang_Obat-main\vendor\codeigniter4\framework\system\Database\BaseConnection.php(561): CodeIgniter\Database\BaseConnection->initialize()
#2 C:\xampp\htdocs\SIGudang_Obat-main\vendor\codeigniter4\framework\system\Database\BaseBuilder.php(1585): CodeIgniter\Database\BaseConnection->query('SELECT *\nFROM `...', Array, false)
#3 C:\xampp\htdocs\SIGudang_Obat-main\vendor\codeigniter4\framework\system\Model.php(223): CodeIgniter\Database\BaseBuilder->get()
#4 C:\xampp\htdocs\SIGudang_Obat-main\vendor\codeigniter4\framework\system\BaseModel.php(585): CodeIgniter\Model->doFindAll(0, 0)
#5 C:\xampp\htdocs\SIGudang_Obat-main\app\Controllers\Obat.php(16): CodeIgniter\BaseModel->findAll()
#6 C:\xampp\htdocs\SIGudang_Obat-main\vendor\codeigniter4\framework\system\CodeIgniter.php(927): App\Controllers\Obat->index()
#7 C:\xampp\htdocs\SIGudang_Obat-main\vendor\codeigniter4\framework\system\CodeIgniter.php(482): CodeIgniter\CodeIgniter->runController(Object(App\Controllers\Obat))
#8 C:\xampp\htdocs\SIGudang_Obat-main\vendor\codeigniter4\framework\system\CodeIgniter.php(351): CodeIgniter\CodeIgniter->handleRequest(NULL, Object(Config\Cache), false)
#9 C:\xampp\htdocs\SIGudang_Obat-main\public\index.php(67): CodeIgniter\CodeIgniter->run()
#10 C:\xampp\htdocs\SIGudang_Obat-main\vendor\codeigniter4\framework\system\Commands\Server\rewrite.php(46): require_once('C:\\xampp\\htdocs...')
#11 {main}
CRITICAL - 2022-11-09 21:58:24 --> Unable to connect to the database.
Main connection [MySQLi]: The server requested authentication method unknown to the client
in SYSTEMPATH\Database\BaseConnection.php on line 418.
 1 SYSTEMPATH\Database\BaseConnection.php(561): CodeIgniter\Database\BaseConnection->initialize()
 2 SYSTEMPATH\Database\BaseBuilder.php(1585): CodeIgniter\Database\BaseConnection->query('SELECT *
FROM `obat`', [], false)
 3 SYSTEMPATH\Model.php(223): CodeIgniter\Database\BaseBuilder->get()
 4 SYSTEMPATH\BaseModel.php(585): CodeIgniter\Model->doFindAll(0, 0)
 5 APPPATH\Controllers\Obat.php(16): CodeIgniter\BaseModel->findAll()
 6 SYSTEMPATH\CodeIgniter.php(927): App\Controllers\Obat->index()
 7 SYSTEMPATH\CodeIgniter.php(482): CodeIgniter\CodeIgniter->runController(Object(App\Controllers\Obat))
 8 SYSTEMPATH\CodeIgniter.php(351): CodeIgniter\CodeIgniter->handleRequest(null, Object(Config\Cache), false)
 9 FCPATH\index.php(67): CodeIgniter\CodeIgniter->run()
10 SYSTEMPATH\Commands\Server\rewrite.php(46): require_once('FCPATH\\index.php')
CRITICAL - 2022-11-09 22:01:39 --> Undefined property: App\Controllers\ObatMasuk::$modelObat
in APPPATH\Controllers\ObatMasuk.php on line 15.
 1 APPPATH\Controllers\ObatMasuk.php(15): CodeIgniter\Debug\Exceptions->errorHandler(8, 'Undefined property: App\\Controllers\\ObatMasuk::$modelObat', 'APPPATH\\Controllers\\ObatMasuk.php', 15, [])
 2 SYSTEMPATH\CodeIgniter.php(927): App\Controllers\ObatMasuk->index()
 3 SYSTEMPATH\CodeIgniter.php(482): CodeIgniter\CodeIgniter->runController(Object(App\Controllers\ObatMasuk))
 4 SYSTEMPATH\CodeIgniter.php(351): CodeIgniter\CodeIgniter->handleRequest(null, Object(Config\Cache), false)
 5 FCPATH\index.php(67): CodeIgniter\CodeIgniter->run()
 6 SYSTEMPATH\Commands\Server\rewrite.php(46): require_once('FCPATH\\index.php')
ERROR - 2022-11-09 22:04:35 --> Error connecting to the database: ErrorException: mysqli::real_connect(): The server requested authentication method unknown to the client [auth_gssapi_client] in C:\xampp\htdocs\SIGudang_Obat-main\vendor\codeigniter4\framework\system\Database\MySQLi\Connection.php:171
Stack trace:
#0 [internal function]: CodeIgniter\Debug\Exceptions->errorHandler(2, 'mysqli::real_co...', 'C:\\xampp\\htdocs...', 171, Array)
#1 C:\xampp\htdocs\SIGudang_Obat-main\vendor\codeigniter4\framework\system\Database\MySQLi\Connection.php(171): mysqli->real_connect('127.0.0.1', 'root', '', 'SIGudangObat', 3306, '', 0)
#2 C:\xampp\htdocs\SIGudang_Obat-main\vendor\codeigniter4\framework\system\Database\BaseConnection.php(382): CodeIgniter\Database\MySQLi\Connection->connect(false)
#3 C:\xampp\htdocs\SIGudang_Obat-main\vendor\codeigniter4\framework\system\Database\BaseConnection.php(561): CodeIgniter\Database\BaseConnection->initialize()
#4 C:\xampp\htdocs\SIGudang_Obat-main\vendor\codeigniter4\framework\system\Database\BaseBuilder.php(1585): CodeIgniter\Database\BaseConnection->query('SELECT *\nFROM `...', Array, false)
#5 C:\xampp\htdocs\SIGudang_Obat-main\vendor\codeigniter4\framework\system\Model.php(223): CodeIgniter\Database\BaseBuilder->get()
#6 C:\xampp\htdocs\SIGudang_Obat-main\vendor\codeigniter4\framework\system\BaseModel.php(585): CodeIgniter\Model->doFindAll(0, 0)
#7 C:\xampp\htdocs\SIGudang_Obat-main\app\Controllers\Obat.php(15): CodeIgniter\BaseModel->findAll()
#8 C:\xampp\htdocs\SIGudang_Obat-main\vendor\codeigniter4\framework\system\CodeIgniter.php(927): App\Controllers\Obat->index()
#9 C:\xampp\htdocs\SIGudang_Obat-main\vendor\codeigniter4\framework\system\CodeIgniter.php(482): CodeIgniter\CodeIgniter->runController(Object(App\Controllers\Obat))
#10 C:\xampp\htdocs\SIGudang_Obat-main\vendor\codeigniter4\framework\system\CodeIgniter.php(351): CodeIgniter\CodeIgniter->handleRequest(NULL, Object(Config\Cache), false)
#11 C:\xampp\htdocs\SIGudang_Obat-main\public\index.php(67): CodeIgniter\CodeIgniter->run()
#12 C:\xampp\htdocs\SIGudang_Obat-main\vendor\codeigniter4\framework\system\Commands\Server\rewrite.php(46): require_once('C:\\xampp\\htdocs...')
#13 {main}

Next mysqli_sql_exception: The server requested authentication method unknown to the client in C:\xampp\htdocs\SIGudang_Obat-main\vendor\codeigniter4\framework\system\Database\MySQLi\Connection.php:171
Stack trace:
#0 C:\xampp\htdocs\SIGudang_Obat-main\vendor\codeigniter4\framework\system\Database\MySQLi\Connection.php(171): mysqli->real_connect('127.0.0.1', 'root', '', 'SIGudangObat', 3306, '', 0)
#1 C:\xampp\htdocs\SIGudang_Obat-main\vendor\codeigniter4\framework\system\Database\BaseConnection.php(382): CodeIgniter\Database\MySQLi\Connection->connect(false)
#2 C:\xampp\htdocs\SIGudang_Obat-main\vendor\codeigniter4\framework\system\Database\BaseConnection.php(561): CodeIgniter\Database\BaseConnection->initialize()
#3 C:\xampp\htdocs\SIGudang_Obat-main\vendor\codeigniter4\framework\system\Database\BaseBuilder.php(1585): CodeIgniter\Database\BaseConnection->query('SELECT *\nFROM `...', Array, false)
#4 C:\xampp\htdocs\SIGudang_Obat-main\vendor\codeigniter4\framework\system\Model.php(223): CodeIgniter\Database\BaseBuilder->get()
#5 C:\xampp\htdocs\SIGudang_Obat-main\vendor\codeigniter4\framework\system\BaseModel.php(585): CodeIgniter\Model->doFindAll(0, 0)
#6 C:\xampp\htdocs\SIGudang_Obat-main\app\Controllers\Obat.php(15): CodeIgniter\BaseModel->findAll()
#7 C:\xampp\htdocs\SIGudang_Obat-main\vendor\codeigniter4\framework\system\CodeIgniter.php(927): App\Controllers\Obat->index()
#8 C:\xampp\htdocs\SIGudang_Obat-main\vendor\codeigniter4\framework\system\CodeIgniter.php(482): CodeIgniter\CodeIgniter->runController(Object(App\Controllers\Obat))
#9 C:\xampp\htdocs\SIGudang_Obat-main\vendor\codeigniter4\framework\system\CodeIgniter.php(351): CodeIgniter\CodeIgniter->handleRequest(NULL, Object(Config\Cache), false)
#10 C:\xampp\htdocs\SIGudang_Obat-main\public\index.php(67): CodeIgniter\CodeIgniter->run()
#11 C:\xampp\htdocs\SIGudang_Obat-main\vendor\codeigniter4\framework\system\Commands\Server\rewrite.php(46): require_once('C:\\xampp\\htdocs...')
#12 {main}

Next CodeIgniter\Database\Exceptions\DatabaseException: The server requested authentication method unknown to the client in C:\xampp\htdocs\SIGudang_Obat-main\vendor\codeigniter4\framework\system\Database\MySQLi\Connection.php:215
Stack trace:
#0 C:\xampp\htdocs\SIGudang_Obat-main\vendor\codeigniter4\framework\system\Database\BaseConnection.php(382): CodeIgniter\Database\MySQLi\Connection->connect(false)
#1 C:\xampp\htdocs\SIGudang_Obat-main\vendor\codeigniter4\framework\system\Database\BaseConnection.php(561): CodeIgniter\Database\BaseConnection->initialize()
#2 C:\xampp\htdocs\SIGudang_Obat-main\vendor\codeigniter4\framework\system\Database\BaseBuilder.php(1585): CodeIgniter\Database\BaseConnection->query('SELECT *\nFROM `...', Array, false)
#3 C:\xampp\htdocs\SIGudang_Obat-main\vendor\codeigniter4\framework\system\Model.php(223): CodeIgniter\Database\BaseBuilder->get()
#4 C:\xampp\htdocs\SIGudang_Obat-main\vendor\codeigniter4\framework\system\BaseModel.php(585): CodeIgniter\Model->doFindAll(0, 0)
#5 C:\xampp\htdocs\SIGudang_Obat-main\app\Controllers\Obat.php(15): CodeIgniter\BaseModel->findAll()
#6 C:\xampp\htdocs\SIGudang_Obat-main\vendor\codeigniter4\framework\system\CodeIgniter.php(927): App\Controllers\Obat->index()
#7 C:\xampp\htdocs\SIGudang_Obat-main\vendor\codeigniter4\framework\system\CodeIgniter.php(482): CodeIgniter\CodeIgniter->runController(Object(App\Controllers\Obat))
#8 C:\xampp\htdocs\SIGudang_Obat-main\vendor\codeigniter4\framework\system\CodeIgniter.php(351): CodeIgniter\CodeIgniter->handleRequest(NULL, Object(Config\Cache), false)
#9 C:\xampp\htdocs\SIGudang_Obat-main\public\index.php(67): CodeIgniter\CodeIgniter->run()
#10 C:\xampp\htdocs\SIGudang_Obat-main\vendor\codeigniter4\framework\system\Commands\Server\rewrite.php(46): require_once('C:\\xampp\\htdocs...')
#11 {main}
CRITICAL - 2022-11-09 22:04:35 --> Unable to connect to the database.
Main connection [MySQLi]: The server requested authentication method unknown to the client
in SYSTEMPATH\Database\BaseConnection.php on line 418.
 1 SYSTEMPATH\Database\BaseConnection.php(561): CodeIgniter\Database\BaseConnection->initialize()
 2 SYSTEMPATH\Database\BaseBuilder.php(1585): CodeIgniter\Database\BaseConnection->query('SELECT *
FROM `obat`', [], false)
 3 SYSTEMPATH\Model.php(223): CodeIgniter\Database\BaseBuilder->get()
 4 SYSTEMPATH\BaseModel.php(585): CodeIgniter\Model->doFindAll(0, 0)
 5 APPPATH\Controllers\Obat.php(15): CodeIgniter\BaseModel->findAll()
 6 SYSTEMPATH\CodeIgniter.php(927): App\Controllers\Obat->index()
 7 SYSTEMPATH\CodeIgniter.php(482): CodeIgniter\CodeIgniter->runController(Object(App\Controllers\Obat))
 8 SYSTEMPATH\CodeIgniter.php(351): CodeIgniter\CodeIgniter->handleRequest(null, Object(Config\Cache), false)
 9 FCPATH\index.php(67): CodeIgniter\CodeIgniter->run()
10 SYSTEMPATH\Commands\Server\rewrite.php(46): require_once('FCPATH\\index.php')
CRITICAL - 2022-11-09 22:05:24 --> Undefined property: App\Controllers\ObatMasuk::$modelObat
in APPPATH\Controllers\ObatMasuk.php on line 15.
 1 APPPATH\Controllers\ObatMasuk.php(15): CodeIgniter\Debug\Exceptions->errorHandler(8, 'Undefined property: App\\Controllers\\ObatMasuk::$modelObat', 'APPPATH\\Controllers\\ObatMasuk.php', 15, [])
 2 SYSTEMPATH\CodeIgniter.php(927): App\Controllers\ObatMasuk->index()
 3 SYSTEMPATH\CodeIgniter.php(482): CodeIgniter\CodeIgniter->runController(Object(App\Controllers\ObatMasuk))
 4 SYSTEMPATH\CodeIgniter.php(351): CodeIgniter\CodeIgniter->handleRequest(null, Object(Config\Cache), false)
 5 FCPATH\index.php(67): CodeIgniter\CodeIgniter->run()
 6 SYSTEMPATH\Commands\Server\rewrite.php(46): require_once('FCPATH\\index.php')
CRITICAL - 2022-11-09 22:05:25 --> Undefined property: App\Controllers\ObatMasuk::$modelObat
in APPPATH\Controllers\ObatMasuk.php on line 15.
 1 APPPATH\Controllers\ObatMasuk.php(15): CodeIgniter\Debug\Exceptions->errorHandler(8, 'Undefined property: App\\Controllers\\ObatMasuk::$modelObat', 'APPPATH\\Controllers\\ObatMasuk.php', 15, [])
 2 SYSTEMPATH\CodeIgniter.php(927): App\Controllers\ObatMasuk->index()
 3 SYSTEMPATH\CodeIgniter.php(482): CodeIgniter\CodeIgniter->runController(Object(App\Controllers\ObatMasuk))
 4 SYSTEMPATH\CodeIgniter.php(351): CodeIgniter\CodeIgniter->handleRequest(null, Object(Config\Cache), false)
 5 FCPATH\index.php(67): CodeIgniter\CodeIgniter->run()
 6 SYSTEMPATH\Commands\Server\rewrite.php(46): require_once('FCPATH\\index.php')
CRITICAL - 2022-11-09 22:05:26 --> Undefined property: App\Controllers\ObatMasuk::$modelObat
in APPPATH\Controllers\ObatMasuk.php on line 15.
 1 APPPATH\Controllers\ObatMasuk.php(15): CodeIgniter\Debug\Exceptions->errorHandler(8, 'Undefined property: App\\Controllers\\ObatMasuk::$modelObat', 'APPPATH\\Controllers\\ObatMasuk.php', 15, [])
 2 SYSTEMPATH\CodeIgniter.php(927): App\Controllers\ObatMasuk->index()
 3 SYSTEMPATH\CodeIgniter.php(482): CodeIgniter\CodeIgniter->runController(Object(App\Controllers\ObatMasuk))
 4 SYSTEMPATH\CodeIgniter.php(351): CodeIgniter\CodeIgniter->handleRequest(null, Object(Config\Cache), false)
 5 FCPATH\index.php(67): CodeIgniter\CodeIgniter->run()
 6 SYSTEMPATH\Commands\Server\rewrite.php(46): require_once('FCPATH\\index.php')
CRITICAL - 2022-11-09 22:05:27 --> Undefined property: App\Controllers\ObatMasuk::$modelObat
in APPPATH\Controllers\ObatMasuk.php on line 15.
 1 APPPATH\Controllers\ObatMasuk.php(15): CodeIgniter\Debug\Exceptions->errorHandler(8, 'Undefined property: App\\Controllers\\ObatMasuk::$modelObat', 'APPPATH\\Controllers\\ObatMasuk.php', 15, [])
 2 SYSTEMPATH\CodeIgniter.php(927): App\Controllers\ObatMasuk->index()
 3 SYSTEMPATH\CodeIgniter.php(482): CodeIgniter\CodeIgniter->runController(Object(App\Controllers\ObatMasuk))
 4 SYSTEMPATH\CodeIgniter.php(351): CodeIgniter\CodeIgniter->handleRequest(null, Object(Config\Cache), false)
 5 FCPATH\index.php(67): CodeIgniter\CodeIgniter->run()
 6 SYSTEMPATH\Commands\Server\rewrite.php(46): require_once('FCPATH\\index.php')
CRITICAL - 2022-11-09 22:05:27 --> Undefined property: App\Controllers\ObatMasuk::$modelObat
in APPPATH\Controllers\ObatMasuk.php on line 15.
 1 APPPATH\Controllers\ObatMasuk.php(15): CodeIgniter\Debug\Exceptions->errorHandler(8, 'Undefined property: App\\Controllers\\ObatMasuk::$modelObat', 'APPPATH\\Controllers\\ObatMasuk.php', 15, [])
 2 SYSTEMPATH\CodeIgniter.php(927): App\Controllers\ObatMasuk->index()
 3 SYSTEMPATH\CodeIgniter.php(482): CodeIgniter\CodeIgniter->runController(Object(App\Controllers\ObatMasuk))
 4 SYSTEMPATH\CodeIgniter.php(351): CodeIgniter\CodeIgniter->handleRequest(null, Object(Config\Cache), false)
 5 FCPATH\index.php(67): CodeIgniter\CodeIgniter->run()
 6 SYSTEMPATH\Commands\Server\rewrite.php(46): require_once('FCPATH\\index.php')
CRITICAL - 2022-11-09 22:05:28 --> Undefined property: App\Controllers\ObatMasuk::$modelObat
in APPPATH\Controllers\ObatMasuk.php on line 15.
 1 APPPATH\Controllers\ObatMasuk.php(15): CodeIgniter\Debug\Exceptions->errorHandler(8, 'Undefined property: App\\Controllers\\ObatMasuk::$modelObat', 'APPPATH\\Controllers\\ObatMasuk.php', 15, [])
 2 SYSTEMPATH\CodeIgniter.php(927): App\Controllers\ObatMasuk->index()
 3 SYSTEMPATH\CodeIgniter.php(482): CodeIgniter\CodeIgniter->runController(Object(App\Controllers\ObatMasuk))
 4 SYSTEMPATH\CodeIgniter.php(351): CodeIgniter\CodeIgniter->handleRequest(null, Object(Config\Cache), false)
 5 FCPATH\index.php(67): CodeIgniter\CodeIgniter->run()
 6 SYSTEMPATH\Commands\Server\rewrite.php(46): require_once('FCPATH\\index.php')
CRITICAL - 2022-11-09 22:16:39 --> Undefined property: App\Controllers\ObatMasuk::$modelObat
in APPPATH\Controllers\ObatMasuk.php on line 15.
 1 APPPATH\Controllers\ObatMasuk.php(15): CodeIgniter\Debug\Exceptions->errorHandler(8, 'Undefined property: App\\Controllers\\ObatMasuk::$modelObat', 'APPPATH\\Controllers\\ObatMasuk.php', 15, [])
 2 SYSTEMPATH\CodeIgniter.php(927): App\Controllers\ObatMasuk->index()
 3 SYSTEMPATH\CodeIgniter.php(482): CodeIgniter\CodeIgniter->runController(Object(App\Controllers\ObatMasuk))
 4 SYSTEMPATH\CodeIgniter.php(351): CodeIgniter\CodeIgniter->handleRequest(null, Object(Config\Cache), false)
 5 FCPATH\index.php(67): CodeIgniter\CodeIgniter->run()
 6 SYSTEMPATH\Commands\Server\rewrite.php(46): require_once('FCPATH\\index.php')
